<?xml version="1.0" encoding="UTF-8"?>
<!-- Generated by org.testng.reporters.JUnitReportReporter -->
<testsuite hostname="Rahul" failures="0" tests="2" name="udemymaven.Mavenjava.apium" time="0.016" errors="0" timestamp="2022-06-24T11:53:42 IST" skipped="0">
  <testcase classname="udemymaven.Mavenjava.apium" name="Android" time="0.015"/>
  <system-out/>
  <testcase classname="udemymaven.Mavenjava.apium" name="IOS" time="0.001"/>
  <system-out/>
</testsuite> <!-- udemymaven.Mavenjava.apium -->
