<?xml version="1.0" encoding="UTF-8"?>
<!-- Generated by org.testng.reporters.JUnitReportReporter -->
<testsuite hostname="Rahul" failures="0" tests="2" name="udemymaven.Mavenjava.apiumTest" time="0.017" errors="0" timestamp="2022-06-24T12:01:17 IST" skipped="0">
  <testcase classname="udemymaven.Mavenjava.apiumTest" name="Android" time="0.015"/>
  <system-out/>
  <testcase classname="udemymaven.Mavenjava.apiumTest" name="IOS" time="0.002"/>
  <system-out/>
</testsuite> <!-- udemymaven.Mavenjava.apiumTest -->
