<?xml version="1.0" encoding="UTF-8"?>
<!-- Generated by org.testng.reporters.JUnitReportReporter -->
<testsuite hostname="Rahul" failures="0" tests="2" name="udemymaven.Mavenjava.rest_APITest" time="0.000" errors="0" timestamp="2022-06-24T13:55:15 IST" skipped="0">
  <testcase classname="udemymaven.Mavenjava.rest_APITest" name="Rest_API" time="0.000"/>
  <system-out/>
  <testcase classname="udemymaven.Mavenjava.rest_APITest" name="Web_API" time="0.000"/>
  <system-out/>
</testsuite> <!-- udemymaven.Mavenjava.rest_APITest -->
