<?xml version="1.0" encoding="UTF-8"?>
<!-- Generated by org.testng.reporters.JUnitReportReporter -->
<testsuite hostname="Rahul" failures="0" tests="2" name="udemymaven.Mavenjava.apiumTest" time="0.015" errors="0" timestamp="2022-06-24T13:55:28 IST" skipped="0">
  <testcase classname="udemymaven.Mavenjava.apiumTest" name="Android" time="0.000"/>
  <system-out/>
  <testcase classname="udemymaven.Mavenjava.apiumTest" name="IOS" time="0.015"/>
  <system-out/>
</testsuite> <!-- udemymaven.Mavenjava.apiumTest -->
